# JRE version: OpenJDK Runtime Environment JBR-17.0.12+1-1207.37-jcef (17.0.12+1) (build 17.0.12+1-b1207.37)
# Java VM: OpenJDK 64-Bit Server VM JBR-17.0.12+1-1207.37-jcef (17.0.12+1-b1207.37, mixed mode, tiered, compressed oops, compressed class ptrs, g1 gc, linux-amd64)
GC Precious Log:
 CPUs: 16 total, 16 available
 Memory: 15387M
 Large Page Support: Disabled
 NUMA Support: Disabled
 Compressed Oops: Enabled (32-bit)
 Heap Region Size: 1M
 Heap Min Capacity: 128M
 Heap Initial Capacity: 128M
 Heap Max Capacity: 2G
 Pre-touch: Disabled
 Parallel Workers: 13
 Concurrent Workers: 3
 Concurrent Refinement Workers: 13
 Periodic GC: Disabled
Heap:
 garbage-first heap   total 131072K, used 77838K [0x0000000080000000, 0x0000000100000000)
  region size 1024K, 69 young (70656K), 0 survivors (0K)
 Metaspace       used 21269K, committed 21632K, reserved 1114112K
  class space    used 2103K, committed 2304K, reserved 1048576K
GC Heap History (14 events):
Event: 0.567 GC heap before
{Heap before GC invocations=0 (full 0):
 garbage-first heap   total 131072K, used 25600K [0x0000000080000000, 0x0000000100000000)
  region size 1024K, 23 young (23552K), 0 survivors (0K)
 Metaspace       used 18576K, committed 18880K, reserved 1114112K
  class space    used 1944K, committed 2112K, reserved 1048576K
}
Event: 0.573 GC heap after
{Heap after GC invocations=1 (full 0):
 garbage-first heap   total 131072K, used 8738K [0x0000000080000000, 0x0000000100000000)
  region size 1024K, 3 young (3072K), 3 survivors (3072K)
 Metaspace       used 18576K, committed 18880K, reserved 1114112K
  class space    used 1944K, committed 2112K, reserved 1048576K
}
Event: 3600.011 GC heap before
{Heap before GC invocations=1 (full 0):
 garbage-first heap   total 131072K, used 25122K [0x0000000080000000, 0x0000000100000000)
  region size 1024K, 20 young (20480K), 3 survivors (3072K)
 Metaspace       used 20106K, committed 20416K, reserved 1114112K
  class space    used 2068K, committed 2176K, reserved 1048576K
}
Event: 3600.021 GC heap after
{Heap after GC invocations=2 (full 1):
 garbage-first heap   total 131072K, used 8367K [0x0000000080000000, 0x0000000100000000)
  region size 1024K, 0 young (0K), 0 survivors (0K)
 Metaspace       used 20068K, committed 20416K, reserved 1114112K
  class space    used 2060K, committed 2176K, reserved 1048576K
}
Event: 4449.490 GC heap before
{Heap before GC invocations=2 (full 1):
 garbage-first heap   total 131072K, used 39087K [0x0000000080000000, 0x0000000100000000)
  region size 1024K, 30 young (30720K), 0 survivors (0K)
 Metaspace       used 20594K, committed 20928K, reserved 1114112K
  class space    used 2088K, committed 2240K, reserved 1048576K
}
Event: 4449.491 GC heap after
{Heap after GC invocations=3 (full 1):
 garbage-first heap   total 131072K, used 9080K [0x0000000080000000, 0x0000000100000000)
  region size 1024K, 1 young (1024K), 1 survivors (1024K)
 Metaspace       used 20594K, committed 20928K, reserved 1114112K
  class space    used 2088K, committed 2240K, reserved 1048576K
}
Event: 4807.630 GC heap before
{Heap before GC invocations=3 (full 1):
 garbage-first heap   total 131072K, used 84856K [0x0000000080000000, 0x0000000100000000)
  region size 1024K, 76 young (77824K), 1 survivors (1024K)
 Metaspace       used 21086K, committed 21440K, reserved 1114112K
  class space    used 2115K, committed 2304K, reserved 1048576K
}
Event: 4807.631 GC heap after
{Heap after GC invocations=4 (full 1):
 garbage-first heap   total 131072K, used 9391K [0x0000000080000000, 0x0000000100000000)
  region size 1024K, 1 young (1024K), 1 survivors (1024K)
 Metaspace       used 21086K, committed 21440K, reserved 1114112K
  class space    used 2115K, committed 2304K, reserved 1048576K
}
Event: 7200.030 GC heap before
{Heap before GC invocations=4 (full 1):
 garbage-first heap   total 131072K, used 17583K [0x0000000080000000, 0x0000000100000000)
  region size 1024K, 10 young (10240K), 1 survivors (1024K)
 Metaspace       used 21091K, committed 21440K, reserved 1114112K
  class space    used 2115K, committed 2304K, reserved 1048576K
}
Event: 7200.042 GC heap after
{Heap after GC invocations=5 (full 2):
 garbage-first heap   total 131072K, used 8496K [0x0000000080000000, 0x0000000100000000)
  region size 1024K, 0 young (0K), 0 survivors (0K)
 Metaspace       used 20991K, committed 21440K, reserved 1114112K
  class space    used 2089K, committed 2304K, reserved 1048576K
}
Event: 10800.042 GC heap before
{Heap before GC invocations=5 (full 2):
 garbage-first heap   total 131072K, used 83248K [0x0000000080000000, 0x0000000100000000)
  region size 1024K, 74 young (75776K), 0 survivors (0K)
 Metaspace       used 21166K, committed 21568K, reserved 1114112K
  class space    used 2095K, committed 2304K, reserved 1048576K
}
Event: 10800.051 GC heap after
{Heap after GC invocations=6 (full 3):
 garbage-first heap   total 131072K, used 8597K [0x0000000080000000, 0x0000000100000000)
  region size 1024K, 0 young (0K), 0 survivors (0K)
 Metaspace       used 21163K, committed 21568K, reserved 1114112K
  class space    used 2094K, committed 2304K, reserved 1048576K
}
Event: 14400.051 GC heap before
{Heap before GC invocations=6 (full 3):
 garbage-first heap   total 131072K, used 15765K [0x0000000080000000, 0x0000000100000000)
  region size 1024K, 8 young (8192K), 0 survivors (0K)
 Metaspace       used 21171K, committed 21568K, reserved 1114112K
  class space    used 2094K, committed 2304K, reserved 1048576K
}
Event: 14400.063 GC heap after
{Heap after GC invocations=7 (full 4):
 garbage-first heap   total 131072K, used 8206K [0x0000000080000000, 0x0000000100000000)
  region size 1024K, 0 young (0K), 0 survivors (0K)
 Metaspace       used 21055K, committed 21568K, reserved 1114112K
  class space    used 2075K, committed 2304K, reserved 1048576K
}

