# JRE version: OpenJDK Runtime Environment Corretto-17.0.12.7.1 (17.0.12+7) (build 17.0.12+7-LTS)
# Java VM: OpenJDK 64-Bit Server VM Corretto-17.0.12.7.1 (17.0.12+7-LTS, mixed mode, emulated-client, sharing, tiered, compressed oops, compressed class ptrs, g1 gc, linux-amd64)
GC Precious Log:
 CPUs: 16 total, 16 available
 Memory: 15387M
 Large Page Support: Disabled
 NUMA Support: Disabled
 Compressed Oops: Enabled (Zero based)
 Heap Region Size: 2M
 Heap Min Capacity: 8M
 Heap Initial Capacity: 242M
 Heap Max Capacity: 3848M
 Pre-touch: Disabled
 Parallel Workers: 13
 Concurrent Workers: 3
 Concurrent Refinement Workers: 13
 Periodic GC: Disabled
Heap:
 garbage-first heap   total 145408K, used 77112K [0x000000070f800000, 0x0000000800000000)
  region size 2048K, 19 young (38912K), 5 survivors (10240K)
 Metaspace       used 83569K, committed 84352K, reserved 1179648K
  class space    used 12513K, committed 12864K, reserved 1048576K
GC Heap History (20 events):
Event: 0.691 GC heap before
{Heap before GC invocations=2 (full 0):
 garbage-first heap   total 251904K, used 61319K [0x000000070f800000, 0x0000000800000000)
  region size 2048K, 22 young (45056K), 2 survivors (4096K)
 Metaspace       used 16331K, committed 16640K, reserved 1114112K
  class space    used 2117K, committed 2240K, reserved 1048576K
}
Event: 0.694 GC heap after
{Heap after GC invocations=3 (full 0):
 garbage-first heap   total 251904K, used 21473K [0x000000070f800000, 0x0000000800000000)
  region size 2048K, 2 young (4096K), 2 survivors (4096K)
 Metaspace       used 16331K, committed 16640K, reserved 1114112K
  class space    used 2117K, committed 2240K, reserved 1048576K
}
Event: 0.864 GC heap before
{Heap before GC invocations=3 (full 0):
 garbage-first heap   total 251904K, used 44001K [0x000000070f800000, 0x0000000800000000)
  region size 2048K, 14 young (28672K), 2 survivors (4096K)
 Metaspace       used 21187K, committed 21504K, reserved 1114112K
  class space    used 2848K, committed 3008K, reserved 1048576K
}
Event: 0.867 GC heap after
{Heap after GC invocations=4 (full 0):
 garbage-first heap   total 251904K, used 22658K [0x000000070f800000, 0x0000000800000000)
  region size 2048K, 3 young (6144K), 3 survivors (6144K)
 Metaspace       used 21187K, committed 21504K, reserved 1114112K
  class space    used 2848K, committed 3008K, reserved 1048576K
}
Event: 1.137 GC heap before
{Heap before GC invocations=5 (full 0):
 garbage-first heap   total 96256K, used 73858K [0x000000070f800000, 0x0000000800000000)
  region size 2048K, 29 young (59392K), 3 survivors (6144K)
 Metaspace       used 27641K, committed 28096K, reserved 1114112K
  class space    used 3821K, committed 4032K, reserved 1048576K
}
Event: 1.143 GC heap after
{Heap after GC invocations=6 (full 0):
 garbage-first heap   total 96256K, used 27523K [0x000000070f800000, 0x0000000800000000)
  region size 2048K, 5 young (10240K), 5 survivors (10240K)
 Metaspace       used 27641K, committed 28096K, reserved 1114112K
  class space    used 3821K, committed 4032K, reserved 1048576K
}
Event: 1.334 GC heap before
{Heap before GC invocations=6 (full 0):
 garbage-first heap   total 96256K, used 64387K [0x000000070f800000, 0x0000000800000000)
  region size 2048K, 23 young (47104K), 5 survivors (10240K)
 Metaspace       used 30499K, committed 30912K, reserved 1114112K
  class space    used 4266K, committed 4480K, reserved 1048576K
}
Event: 1.343 GC heap after
{Heap after GC invocations=7 (full 0):
 garbage-first heap   total 120832K, used 29598K [0x000000070f800000, 0x0000000800000000)
  region size 2048K, 2 young (4096K), 2 survivors (4096K)
 Metaspace       used 30499K, committed 30912K, reserved 1114112K
  class space    used 4266K, committed 4480K, reserved 1048576K
}
Event: 1.734 GC heap before
{Heap before GC invocations=7 (full 0):
 garbage-first heap   total 120832K, used 80798K [0x000000070f800000, 0x0000000800000000)
  region size 2048K, 28 young (57344K), 2 survivors (4096K)
 Metaspace       used 35695K, committed 36160K, reserved 1114112K
  class space    used 5184K, committed 5376K, reserved 1048576K
}
Event: 1.740 GC heap after
{Heap after GC invocations=8 (full 0):
 garbage-first heap   total 120832K, used 32228K [0x000000070f800000, 0x0000000800000000)
  region size 2048K, 3 young (6144K), 3 survivors (6144K)
 Metaspace       used 35695K, committed 36160K, reserved 1114112K
  class space    used 5184K, committed 5376K, reserved 1048576K
}
Event: 2.128 GC heap before
{Heap before GC invocations=9 (full 0):
 garbage-first heap   total 120832K, used 87524K [0x000000070f800000, 0x0000000800000000)
  region size 2048K, 30 young (61440K), 3 survivors (6144K)
 Metaspace       used 43774K, committed 44224K, reserved 1114112K
  class space    used 6358K, committed 6592K, reserved 1048576K
}
Event: 2.133 GC heap after
{Heap after GC invocations=10 (full 0):
 garbage-first heap   total 120832K, used 36762K [0x000000070f800000, 0x0000000800000000)
  region size 2048K, 4 young (8192K), 4 survivors (8192K)
 Metaspace       used 43774K, committed 44224K, reserved 1114112K
  class space    used 6358K, committed 6592K, reserved 1048576K
}
Event: 2.535 GC heap before
{Heap before GC invocations=10 (full 0):
 garbage-first heap   total 120832K, used 85914K [0x000000070f800000, 0x0000000800000000)
  region size 2048K, 29 young (59392K), 4 survivors (8192K)
 Metaspace       used 53930K, committed 54528K, reserved 1114112K
  class space    used 7878K, committed 8128K, reserved 1048576K
}
Event: 2.540 GC heap after
{Heap after GC invocations=11 (full 0):
 garbage-first heap   total 120832K, used 39270K [0x000000070f800000, 0x0000000800000000)
  region size 2048K, 2 young (4096K), 2 survivors (4096K)
 Metaspace       used 53930K, committed 54528K, reserved 1114112K
  class space    used 7878K, committed 8128K, reserved 1048576K
}
Event: 2.752 GC heap before
{Heap before GC invocations=11 (full 0):
 garbage-first heap   total 120832K, used 65894K [0x000000070f800000, 0x0000000800000000)
  region size 2048K, 17 young (34816K), 2 survivors (4096K)
 Metaspace       used 59915K, committed 60480K, reserved 1114112K
  class space    used 8714K, committed 9024K, reserved 1048576K
}
Event: 2.755 GC heap after
{Heap after GC invocations=12 (full 0):
 garbage-first heap   total 145408K, used 40170K [0x000000070f800000, 0x0000000800000000)
  region size 2048K, 2 young (4096K), 2 survivors (4096K)
 Metaspace       used 59915K, committed 60480K, reserved 1114112K
  class space    used 8714K, committed 9024K, reserved 1048576K
}
Event: 3.299 GC heap before
{Heap before GC invocations=13 (full 0):
 garbage-first heap   total 145408K, used 109802K [0x000000070f800000, 0x0000000800000000)
  region size 2048K, 36 young (73728K), 2 survivors (4096K)
 Metaspace       used 73498K, committed 74112K, reserved 1114112K
  class space    used 10871K, committed 11136K, reserved 1048576K
}
Event: 3.303 GC heap after
{Heap after GC invocations=14 (full 0):
 garbage-first heap   total 145408K, used 44037K [0x000000070f800000, 0x0000000800000000)
  region size 2048K, 4 young (8192K), 4 survivors (8192K)
 Metaspace       used 73498K, committed 74112K, reserved 1114112K
  class space    used 10871K, committed 11136K, reserved 1048576K
}
Event: 3.871 GC heap before
{Heap before GC invocations=15 (full 0):
 garbage-first heap   total 145408K, used 111621K [0x000000070f800000, 0x0000000800000000)
  region size 2048K, 37 young (75776K), 4 survivors (8192K)
 Metaspace       used 80207K, committed 80896K, reserved 1179648K
  class space    used 11993K, committed 12288K, reserved 1048576K
}
Event: 3.878 GC heap after
{Heap after GC invocations=16 (full 0):
 garbage-first heap   total 145408K, used 50488K [0x000000070f800000, 0x0000000800000000)
  region size 2048K, 5 young (10240K), 5 survivors (10240K)
 Metaspace       used 80207K, committed 80896K, reserved 1179648K
  class space    used 11993K, committed 12288K, reserved 1048576K
}

